<?xml version="1.0" encoding="UTF-8"?>
<!-- Generated by org.testng.reporters.JUnitXMLReporter -->
<testsuite hostname="SCHITTIREDDY-PK" ignored="0" name="Default test" tests="4" failures="0" timestamp="04 Feb 2021 22:59:35 GMT" time="0.028" errors="0">
  <testcase name="div" time="0.008" classname="com.qa.test.DemoTest"/>
  <testcase name="mul" time="0.001" classname="com.qa.test.DemoTest"/>
  <testcase name="sub" time="0.0" classname="com.qa.test.DemoTest"/>
  <testcase name="sum" time="0.001" classname="com.qa.test.DemoTest"/>
</testsuite> <!-- Default test -->
