<?xml version="1.0" encoding="UTF-8"?>
<testng-results skipped="0" failed="0" ignored="0" total="12" passed="12">
  <reporter-output>
  </reporter-output>
  <suite name="Test Maven Testin" duration-ms="36" started-at="2021-02-05T00:55:43Z" finished-at="2021-02-05T00:55:43Z">
    <groups>
    </groups>
    <test name="Test Maven Testing" duration-ms="36" started-at="2021-02-05T00:55:43Z" finished-at="2021-02-05T00:55:43Z">
      <class name="com.qa.test.DemoTest">
        <test-method status="PASS" signature="div()[pri:0, instance:com.qa.test.DemoTest@617c74e5]" name="div" duration-ms="5" started-at="2021-02-05T00:55:43Z" finished-at="2021-02-05T00:55:43Z">
          <reporter-output>
          </reporter-output>
        </test-method> <!-- div -->
        <test-method status="PASS" signature="mul()[pri:0, instance:com.qa.test.DemoTest@617c74e5]" name="mul" duration-ms="0" started-at="2021-02-05T00:55:43Z" finished-at="2021-02-05T00:55:43Z">
          <reporter-output>
          </reporter-output>
        </test-method> <!-- mul -->
        <test-method status="PASS" signature="sub()[pri:0, instance:com.qa.test.DemoTest@617c74e5]" name="sub" duration-ms="0" started-at="2021-02-05T00:55:43Z" finished-at="2021-02-05T00:55:43Z">
          <reporter-output>
          </reporter-output>
        </test-method> <!-- sub -->
        <test-method status="PASS" signature="sum()[pri:0, instance:com.qa.test.DemoTest@617c74e5]" name="sum" duration-ms="1" started-at="2021-02-05T00:55:43Z" finished-at="2021-02-05T00:55:43Z">
          <reporter-output>
          </reporter-output>
        </test-method> <!-- sum -->
      </class> <!-- com.qa.test.DemoTest -->
      <class name="com.qa.test.DemoTest2">
        <test-method status="PASS" signature="div()[pri:0, instance:com.qa.test.DemoTest2@6537cf78]" name="div" duration-ms="0" started-at="2021-02-05T00:55:43Z" finished-at="2021-02-05T00:55:43Z">
          <reporter-output>
          </reporter-output>
        </test-method> <!-- div -->
        <test-method status="PASS" signature="sub()[pri:0, instance:com.qa.test.DemoTest2@6537cf78]" name="sub" duration-ms="0" started-at="2021-02-05T00:55:43Z" finished-at="2021-02-05T00:55:43Z">
          <reporter-output>
          </reporter-output>
        </test-method> <!-- sub -->
        <test-method status="PASS" signature="mul()[pri:0, instance:com.qa.test.DemoTest2@6537cf78]" name="mul" duration-ms="0" started-at="2021-02-05T00:55:43Z" finished-at="2021-02-05T00:55:43Z">
          <reporter-output>
          </reporter-output>
        </test-method> <!-- mul -->
        <test-method status="PASS" signature="sum()[pri:0, instance:com.qa.test.DemoTest2@6537cf78]" name="sum" duration-ms="0" started-at="2021-02-05T00:55:43Z" finished-at="2021-02-05T00:55:43Z">
          <reporter-output>
          </reporter-output>
        </test-method> <!-- sum -->
      </class> <!-- com.qa.test.DemoTest2 -->
      <class name="com.qa.test.DemoTest3">
        <test-method status="PASS" signature="mul()[pri:0, instance:com.qa.test.DemoTest3@67b6d4ae]" name="mul" duration-ms="0" started-at="2021-02-05T00:55:43Z" finished-at="2021-02-05T00:55:43Z">
          <reporter-output>
          </reporter-output>
        </test-method> <!-- mul -->
        <test-method status="PASS" signature="div()[pri:0, instance:com.qa.test.DemoTest3@67b6d4ae]" name="div" duration-ms="0" started-at="2021-02-05T00:55:43Z" finished-at="2021-02-05T00:55:43Z">
          <reporter-output>
          </reporter-output>
        </test-method> <!-- div -->
        <test-method status="PASS" signature="sub()[pri:0, instance:com.qa.test.DemoTest3@67b6d4ae]" name="sub" duration-ms="0" started-at="2021-02-05T00:55:43Z" finished-at="2021-02-05T00:55:43Z">
          <reporter-output>
          </reporter-output>
        </test-method> <!-- sub -->
        <test-method status="PASS" signature="sum()[pri:0, instance:com.qa.test.DemoTest3@67b6d4ae]" name="sum" duration-ms="0" started-at="2021-02-05T00:55:43Z" finished-at="2021-02-05T00:55:43Z">
          <reporter-output>
          </reporter-output>
        </test-method> <!-- sum -->
      </class> <!-- com.qa.test.DemoTest3 -->
    </test> <!-- Test Maven Testing -->
  </suite> <!-- Test Maven Testin -->
</testng-results>
